This is pdfeTeXk, Version 3.141592-1.21a-2.2 (Web2C 7.5.4) (format=latex 2007.10.23)  29 OCT 2007 23:02
entering extended mode
 Source specials enabled.
 file:line:error style messages enabled.
**Introducao
(./Introducao.tex
LaTeX2e <2003/12/01>
Babel <v3.8d> and hyphenation patterns for american, french, german, ngerman, b
ahasa, basque, bulgarian, catalan, croatian, czech, danish, dutch, esperanto, e
stonian, finnish, greek, icelandic, irish, italian, latin, magyar, norsk, polis
h, portuges, romanian, russian, serbian, slovak, slovene, spanish, swedish, tur
kish, ukrainian, nohyphenation, loaded.
./Introducao.tex:1: Undefined control sequence.
l.1 \section
            {Introdução}
? 
./Introducao.tex:1: Emergency stop.
l.1 \section
            {Introdução}
End of file on the terminal!

 
Here is how much of TeX's memory you used:
 5 strings out of 94501
 134 string characters out of 1175810
 48348 words of memory out of 1000000
 3273 multiletter control sequences out of 10000+50000
 3640 words of font info for 14 fonts, out of 500000 for 2000
 580 hyphenation exceptions out of 8191
 5i,0n,1p,35b,8s stack positions out of 1500i,500n,5000p,200000b,5000s
No pages of output.
