This is pdfTeX, Version 3.141592-1.40.3 (MiKTeX 2.6) (preloaded format=latex 2007.10.4)  4 OCT 2007 21:24
entering extended mode
**exemplo.tex
(exemplo.tex
LaTeX2e <2005/12/01>
Babel <v3.8g> and hyphenation patterns for english, dumylang, nohyphenation, ge
rman, ngerman, french, loaded.
("C:\Arquivos de programas\MiKTeX 2.6\tex\latex\base\article.cls"
Document Class: article 2005/09/16 v1.4f Standard LaTeX document class
("C:\Arquivos de programas\MiKTeX 2.6\tex\latex\base\size10.clo"
File: size10.clo 2005/09/16 v1.4f Standard LaTeX file (size option)
)
\c@part=\count79
\c@section=\count80
\c@subsection=\count81
\c@subsubsection=\count82
\c@paragraph=\count83
\c@subparagraph=\count84
\c@figure=\count85
\c@table=\count86
\abovecaptionskip=\skip41
\belowcaptionskip=\skip42
\bibindent=\dimen102
)
("C:\Arquivos de programas\MiKTeX 2.6\tex\generic\babel\babel.sty"
Package: babel 2005/05/21 v3.8g The Babel package

*************************************
* Local config file bblopts.cfg used
*
("C:\Arquivos de programas\MiKTeX 2.6\tex\latex\00miktex\bblopts.cfg"
File: bblopts.cfg 2006/07/31 v1.0 MiKTeX 'babel' configuration
)
("C:\Arquivos de programas\MiKTeX 2.6\tex\generic\babel\portuges.ldf"
Language: portuges 2005/03/31 v1.2p Portuguese support from the babel system

("C:\Arquivos de programas\MiKTeX 2.6\tex\generic\babel\babel.def"
File: babel.def 2005/05/21 v3.8g Babel common definitions
\babel@savecnt=\count87
\U@D=\dimen103
)

Package babel Warning: No hyphenation patterns were loaded for
(babel)                the language `Portuguese'
(babel)                I will use the patterns loaded for \language=0 instead.

\l@portuges = a dialect from \language0
Package babel Info: Making " an active character on input line 145.
)) ("C:\Arquivos de programas\MiKTeX 2.6\tex\latex\base\inputenc.sty"
Package: inputenc 2006/05/05 v1.1b Input encoding file
\inpenc@prehook=\toks14
\inpenc@posthook=\toks15

("C:\Arquivos de programas\MiKTeX 2.6\tex\latex\base\latin1.def"
File: latin1.def 2006/05/05 v1.1b Input encoding file
))
("C:\Arquivos de programas\MiKTeX 2.6\tex\latex\graphics\graphicx.sty"
Package: graphicx 1999/02/16 v1.0f Enhanced LaTeX Graphics (DPC,SPQR)

("C:\Arquivos de programas\MiKTeX 2.6\tex\latex\graphics\keyval.sty"
Package: keyval 1999/03/16 v1.13 key=value parser (DPC)
\KV@toks@=\toks16
)
("C:\Arquivos de programas\MiKTeX 2.6\tex\latex\graphics\graphics.sty"
Package: graphics 2006/02/20 v1.0o Standard LaTeX Graphics (DPC,SPQR)

("C:\Arquivos de programas\MiKTeX 2.6\tex\latex\graphics\trig.sty"
Package: trig 1999/03/16 v1.09 sin cos tan (DPC)
)
("C:\Arquivos de programas\MiKTeX 2.6\tex\latex\00miktex\graphics.cfg"
File: graphics.cfg 2005/12/29 v1.2 MiKTeX 'graphics' configuration
)
Package graphics Info: Driver file: dvips.def on input line 90.

("C:\Arquivos de programas\MiKTeX 2.6\tex\latex\graphics\dvips.def"
File: dvips.def 1999/02/16 v3.0i Driver-dependant file (DPC,SPQR)
))
\Gin@req@height=\dimen104
\Gin@req@width=\dimen105
)
(exemplo.aux)
LaTeX Font Info:    Checking defaults for OML/cmm/m/it on input line 14.
LaTeX Font Info:    ... okay on input line 14.
LaTeX Font Info:    Checking defaults for T1/cmr/m/n on input line 14.
LaTeX Font Info:    ... okay on input line 14.
LaTeX Font Info:    Checking defaults for OT1/cmr/m/n on input line 14.
LaTeX Font Info:    ... okay on input line 14.
LaTeX Font Info:    Checking defaults for OMS/cmsy/m/n on input line 14.
LaTeX Font Info:    ... okay on input line 14.
LaTeX Font Info:    Checking defaults for OMX/cmex/m/n on input line 14.
LaTeX Font Info:    ... okay on input line 14.
LaTeX Font Info:    Checking defaults for U/cmr/m/n on input line 14.
LaTeX Font Info:    ... okay on input line 14.
LaTeX Font Info:    External font `cmex10' loaded for size
(Font)              <12> on input line 16.
LaTeX Font Info:    External font `cmex10' loaded for size
(Font)              <8> on input line 16.
LaTeX Font Info:    External font `cmex10' loaded for size
(Font)              <6> on input line 16.
File: leite.eps Graphic file (type eps)
 <leite.eps> (exemplo.bbl [1

]) [2] (exemplo.aux) ) 
Here is how much of TeX's memory you used:
 974 strings out of 95306
 10902 string characters out of 1184947
 60433 words of memory out of 1063621
 4135 multiletter control sequences out of 60000
 7626 words of font info for 27 fonts, out of 1000000 for 2000
 14 hyphenation exceptions out of 8191
 25i,6n,24p,192b,250s stack positions out of 5000i,500n,10000p,200000b,32768s

Output written on exemplo.dvi (2 pages, 1200 bytes).
